<?xml version="1.0" encoding="UTF-8"?>
<!-- Generated by org.testng.reporters.JUnitReportReporter -->
<testsuite hostname="DESKTOP-CMM54DD" failures="0" tests="1" name="com.v2a.testCases.LoginTest" time="9.466" errors="0" timestamp="2023-01-10T11:12:46 IST" skipped="0">
  <testcase classname="com.v2a.testCases.LoginTest" name="doLogin" time="9.466"/>
  <system-out>
    <![CDATA[Tested Successflly.!
<a  target="_blank" href=Tue_Jan_10_11_12_30_IST_2023.jpg>ScreenShot</a>/]]>
  </system-out>
</testsuite> <!-- com.v2a.testCases.LoginTest -->
